<?xml version="1.0" encoding="UTF-8"?>
<testng-results skipped="0" failed="0" total="1" passed="1">
  <reporter-output>
  </reporter-output>
  <suite name="DatakonnectTest.Datakonnect.HelloAnandTest" duration-ms="34862" started-at="2018-12-25T06:49:26Z" finished-at="2018-12-25T06:50:01Z">
    <groups>
    </groups>
    <test name="Command line test" duration-ms="34862" started-at="2018-12-25T06:49:26Z" finished-at="2018-12-25T06:50:01Z">
      <class name="DatakonnectTest.Datakonnect.HelloAnandTest">
        <test-method status="PASS" signature="Login()[pri:0, instance:DatakonnectTest.Datakonnect.HelloAnandTest@7e0ea639]" name="Login" duration-ms="34848" started-at="2018-12-25T12:19:26Z" finished-at="2018-12-25T12:20:01Z">
          <reporter-output>
          </reporter-output>
        </test-method> <!-- Login -->
      </class> <!-- DatakonnectTest.Datakonnect.HelloAnandTest -->
    </test> <!-- Command line test -->
  </suite> <!-- DatakonnectTest.Datakonnect.HelloAnandTest -->
</testng-results>
