<?xml version="1.0" encoding="UTF-8"?>
<testng-results skipped="0" failed="0" ignored="0" total="1" passed="1">
  <reporter-output>
  </reporter-output>
  <suite name="Default suite" duration-ms="98" started-at="2018-12-25T06:22:08Z" finished-at="2018-12-25T06:22:08Z">
    <groups>
    </groups>
    <test name="Default test" duration-ms="98" started-at="2018-12-25T06:22:08Z" finished-at="2018-12-25T06:22:08Z">
      <class name="DatakonnectTest.Datakonnect.HelloWorld">
        <test-method status="PASS" signature="Login()[pri:0, instance:DatakonnectTest.Datakonnect.HelloWorld@55f3ddb1]" name="Login" duration-ms="38" started-at="2018-12-25T06:22:08Z" finished-at="2018-12-25T06:22:08Z">
          <reporter-output>
          </reporter-output>
        </test-method> <!-- Login -->
      </class> <!-- DatakonnectTest.Datakonnect.HelloWorld -->
    </test> <!-- Default test -->
  </suite> <!-- Default suite -->
</testng-results>
